<?xml version="1.0" encoding="UTF-8"?>
<!-- Generated by org.testng.reporters.JUnitReportReporter -->
<testsuite hostname="DESKTOP-KCL5LQ8" failures="0" tests="1" name="TestNgpkg.Fblogin" time="5.425" errors="0" timestamp="2024-02-20T11:40:31 IST" skipped="0">
  <testcase classname="TestNgpkg.Fblogin" name="login" time="5.425"/>
  <system-out/>
</testsuite> <!-- TestNgpkg.Fblogin -->
