<?xml version="1.0" encoding="UTF-8"?>
<!-- Generated by org.testng.reporters.JUnitReportReporter -->
<testsuite hostname="DESKTOP-KCL5LQ8" failures="0" tests="1" name="TestNgpkg.Ebaywaitpgm" time="18.558" errors="0" timestamp="2024-02-28T10:52:52 IST" skipped="0">
  <testcase classname="TestNgpkg.Ebaywaitpgm" name="waitpgm" time="18.558"/>
  <system-out/>
</testsuite> <!-- TestNgpkg.Ebaywaitpgm -->
