<?xml version="1.0" encoding="UTF-8"?>
<!-- Generated by org.testng.reporters.JUnitReportReporter -->
<testsuite hostname="DESKTOP-KCL5LQ8" failures="0" tests="1" name="TestNgpkg.Automationexcerciselogin" time="23.482" errors="0" timestamp="2024-02-27T10:09:13 IST" skipped="0">
  <testcase classname="TestNgpkg.Automationexcerciselogin" name="datadriven" time="23.482"/>
  <system-out/>
</testsuite> <!-- TestNgpkg.Automationexcerciselogin -->
