<?xml version="1.0" encoding="UTF-8"?>
<!-- Generated by org.testng.reporters.JUnitReportReporter -->
<testsuite hostname="DESKTOP-KCL5LQ8" failures="0" tests="1" name="Test.Fblogintest" time="0.652" errors="0" timestamp="2024-03-06T20:39:24 IST" skipped="0">
  <testcase classname="Test.Fblogintest" name="testlogin" time="0.652"/>
  <system-out/>
</testsuite> <!-- Test.Fblogintest -->
