<?xml version="1.0" encoding="UTF-8"?>
<!-- Generated by org.testng.reporters.JUnitReportReporter -->
<testsuite hostname="DESKTOP-KCL5LQ8" failures="0" tests="1" name="TestNgpkg.Tsc" time="63.283" errors="0" timestamp="2024-02-27T17:16:04 IST" skipped="0">
  <testcase classname="TestNgpkg.Tsc" name="multiplewindow" time="63.283"/>
  <system-out/>
</testsuite> <!-- TestNgpkg.Tsc -->
