<?xml version="1.0" encoding="UTF-8"?>
<!-- Generated by org.testng.reporters.JUnitReportReporter -->
<testsuite hostname="DESKTOP-KCL5LQ8" failures="0" tests="1" name="TestNgpkg.Drag" time="24.922" errors="0" timestamp="2024-02-22T09:23:21 IST" skipped="0">
  <testcase classname="TestNgpkg.Drag" name="copypaste" time="24.922"/>
  <system-out/>
</testsuite> <!-- TestNgpkg.Drag -->
