<?xml version="1.0" encoding="UTF-8"?>
<!-- Generated by org.testng.reporters.JUnitReportReporter -->
<testsuite hostname="DESKTOP-KCL5LQ8" failures="0" tests="1" name="TestNgpkg.Copypaste" time="10.085" errors="0" timestamp="2024-02-21T09:45:53 IST" skipped="0">
  <testcase classname="TestNgpkg.Copypaste" name="copypaste" time="10.085"/>
  <system-out/>
</testsuite> <!-- TestNgpkg.Copypaste -->
