<?xml version="1.0" encoding="UTF-8"?>
<!-- Generated by org.testng.reporters.JUnitReportReporter -->
<testsuite hostname="DESKTOP-KCL5LQ8" failures="0" tests="1" name="TestNgpkg.Fileuploadinputguru99" time="42.287" errors="0" timestamp="2024-02-26T18:43:06 IST" skipped="0">
  <testcase classname="TestNgpkg.Fileuploadinputguru99" name="fileupload" time="42.287"/>
  <system-out/>
</testsuite> <!-- TestNgpkg.Fileuploadinputguru99 -->
