<?xml version="1.0" encoding="UTF-8"?>
<!-- Generated by org.testng.reporters.JUnitReportReporter -->
<testsuite hostname="DESKTOP-KCL5LQ8" failures="0" tests="3" name="TestNgpkg.TestingDemo" time="0.023" errors="0" timestamp="2024-02-16T09:22:20 IST" skipped="0">
  <testcase classname="TestNgpkg.TestingDemo" name="test2" time="0.012"/>
  <system-out/>
  <testcase classname="TestNgpkg.TestingDemo" name="test1" time="0.003"/>
  <system-out/>
  <testcase classname="TestNgpkg.TestingDemo" name="test3" time="0.008"/>
  <system-out/>
</testsuite> <!-- TestNgpkg.TestingDemo -->
