<?xml version="1.0" encoding="UTF-8"?>
<!-- Generated by org.testng.reporters.JUnitReportReporter -->
<testsuite hostname="DESKTOP-KCL5LQ8" failures="0" tests="1" name="TestNgpkg.Rightclickguru99" time="28.158" errors="0" timestamp="2024-02-22T09:58:14 IST" skipped="0">
  <testcase classname="TestNgpkg.Rightclickguru99" name="copypaste" time="28.158"/>
  <system-out/>
</testsuite> <!-- TestNgpkg.Rightclickguru99 -->
