<?xml version="1.0" encoding="UTF-8"?>
<!-- Generated by org.testng.reporters.JUnitReportReporter -->
<testsuite hostname="DESKTOP-KCL5LQ8" failures="0" tests="2" name="TestNgpkg.Reddifftestng" time="5.110" errors="0" timestamp="2024-02-16T16:01:39 IST" skipped="0">
  <testcase classname="TestNgpkg.Reddifftestng" name="buttonenableddisabledverification" time="0.837"/>
  <system-out/>
  <testcase classname="TestNgpkg.Reddifftestng" name="buttonverification" time="4.273"/>
  <system-out/>
</testsuite> <!-- TestNgpkg.Reddifftestng -->
