<?xml version="1.0" encoding="UTF-8"?>
<!-- Generated by org.testng.reporters.JUnitReportReporter -->
<testsuite hostname="DESKTOP-KCL5LQ8" failures="0" tests="1" name="TestNgpkg.Saucedemo" time="2.558" errors="0" timestamp="2024-03-12T17:20:02 IST" skipped="0">
  <testcase classname="TestNgpkg.Saucedemo" name="fblogin" time="2.558"/>
  <system-out/>
</testsuite> <!-- TestNgpkg.Saucedemo -->
