<?xml version="1.0" encoding="UTF-8"?>
<!-- Generated by org.testng.reporters.JUnitReportReporter -->
<testsuite hostname="DESKTOP-KCL5LQ8" failures="0" tests="1" name="TestNgpkg.Notificationblocked" time="14.076" errors="0" timestamp="2024-02-28T11:07:37 IST" skipped="0">
  <testcase classname="TestNgpkg.Notificationblocked" name="notificationblocked" time="14.076"/>
  <system-out/>
</testsuite> <!-- TestNgpkg.Notificationblocked -->
