<?xml version="1.0" encoding="UTF-8"?>
<!-- Generated by org.testng.reporters.JUnitReportReporter -->
<testsuite hostname="DESKTOP-KCL5LQ8" failures="0" tests="1" name="TestNgpkg.Excelfiledatadriventesting" time="23.590" errors="0" timestamp="2024-03-11T10:44:44 IST" skipped="0">
  <testcase classname="TestNgpkg.Excelfiledatadriventesting" name="datadriven" time="23.590"/>
  <system-out/>
</testsuite> <!-- TestNgpkg.Excelfiledatadriventesting -->
