<?xml version="1.0" encoding="UTF-8"?>
<!-- Generated by org.testng.reporters.JUnitReportReporter -->
<testsuite hostname="DESKTOP-KCL5LQ8" failures="0" tests="1" name="TestNgpkg.Parameterisation" time="0.011" errors="0" timestamp="2024-02-20T09:53:30 IST" skipped="0">
  <testcase classname="TestNgpkg.Parameterisation" name="test" time="0.011"/>
  <system-out/>
</testsuite> <!-- TestNgpkg.Parameterisation -->
