<?xml version="1.0" encoding="UTF-8"?>
<!-- Generated by org.testng.reporters.JUnitReportReporter -->
<testsuite hostname="DESKTOP-KCL5LQ8" failures="0" tests="1" name="TestNgpkg.Reportgeneration" time="20.033" errors="0" timestamp="2024-03-06T20:23:22 IST" skipped="0">
  <testcase classname="TestNgpkg.Reportgeneration" name="fbtitleverification" time="20.033"/>
  <system-out/>
</testsuite> <!-- TestNgpkg.Reportgeneration -->
