<?xml version="1.0" encoding="UTF-8"?>
<!-- Generated by org.testng.reporters.JUnitReportReporter -->
<testsuite hostname="DESKTOP-KCL5LQ8" failures="0" tests="3" name="TestNgpkg.Crossbrowser" time="28.404" errors="0" timestamp="2024-02-20T13:22:47 IST" skipped="0">
  <testcase classname="TestNgpkg.Crossbrowser" name="aftertest" time="5.780"/>
  <system-out/>
  <testcase classname="TestNgpkg.Crossbrowser" name="aftertest" time="16.304"/>
  <system-out/>
  <testcase classname="TestNgpkg.Crossbrowser" name="aftertest" time="6.320"/>
  <system-out/>
</testsuite> <!-- TestNgpkg.Crossbrowser -->
