<?xml version="1.0" encoding="UTF-8"?>
<!-- Generated by org.testng.reporters.JUnitReportReporter -->
<testsuite hostname="DESKTOP-KCL5LQ8" failures="0" tests="1" name="TestNgpkg.multiplewindowguru99" time="11.136" errors="0" timestamp="2024-02-27T10:09:46 IST" skipped="0">
  <testcase classname="TestNgpkg.multiplewindowguru99" name="multiplewindow" time="11.136"/>
  <system-out/>
</testsuite> <!-- TestNgpkg.multiplewindowguru99 -->
