<?xml version="1.0" encoding="UTF-8"?>
<!-- Generated by org.testng.reporters.JUnitReportReporter -->
<testsuite hostname="DESKTOP-KCL5LQ8" failures="0" tests="1" name="TestNgpkg.Ebayscrolldown" time="18.100" errors="0" timestamp="2024-02-28T10:54:14 IST" skipped="0">
  <testcase classname="TestNgpkg.Ebayscrolldown" name="scrolldownpgm" time="18.100"/>
  <system-out/>
</testsuite> <!-- TestNgpkg.Ebayscrolldown -->
